[2016.04.07-00.03.18:431][  0]Log file open, 04/06/16 20:03:18
[2016.04.07-00.03.18:431][  0]LogInit:Display: Running engine for game: CapstonePrototype
[2016.04.07-00.03.18:431][  0]LogPlatformFile: Not using cached read wrapper
[2016.04.07-00.03.18:431][  0]LogInit:Display: RandInit(1427202111) SRandInit(1427202112).
[2016.04.07-00.03.18:431][  0]LogTaskGraph: Started task graph with 4 named threads and 5 total threads.
[2016.04.07-00.03.18:431][  0]LogStats: Stats thread started at 0.060309
[2016.04.07-00.03.18:431][  0]LogInit: Version: 4.10.4-2872498+++depot+UE4-Releases+4.10
[2016.04.07-00.03.18:431][  0]LogInit: API Version: 2758231
[2016.04.07-00.03.18:431][  0]LogInit: Compiled (64-bit): Feb 18 2016 15:47:04
[2016.04.07-00.03.18:431][  0]LogInit: Compiled with Visual C++: 19.00.23026.00
[2016.04.07-00.03.18:431][  0]LogInit: Build Configuration: Development
[2016.04.07-00.03.18:431][  0]LogInit: Branch Name: ++depot+UE4-Releases+4.10
[2016.04.07-00.03.18:431][  0]LogInit: Command line: -EpicPortal 
[2016.04.07-00.03.18:431][  0]LogInit: Base directory: C:/Program Files/Epic Games/4.10/Engine/Binaries/Win64/
[2016.04.07-00.03.18:431][  0]LogInit: Rocket: 1
[2016.04.07-00.03.18:454][  0]LogInit: Using libcurl 7.41.0
[2016.04.07-00.03.18:454][  0]LogInit:  - built for x86_64-pc-win32
[2016.04.07-00.03.18:454][  0]LogInit:  - supports SSL with WinSSL
[2016.04.07-00.03.18:454][  0]LogInit:  - other features:
[2016.04.07-00.03.18:454][  0]LogInit:      CURL_VERSION_SSL
[2016.04.07-00.03.18:454][  0]LogInit:      CURL_VERSION_IPV6
[2016.04.07-00.03.18:454][  0]LogInit:      CURL_VERSION_ASYNCHDNS
[2016.04.07-00.03.18:454][  0]LogInit:      CURL_VERSION_LARGEFILE
[2016.04.07-00.03.18:454][  0]LogInit:      CURL_VERSION_IDN
[2016.04.07-00.03.18:455][  0]LogInit:  CurlRequestOptions (configurable via config and command line):
[2016.04.07-00.03.18:455][  0]LogInit:  - bVerifyPeer = true  - Libcurl will verify peer certificate
[2016.04.07-00.03.18:455][  0]LogInit:  - bUseHttpProxy = false  - Libcurl will NOT use HTTP proxy
[2016.04.07-00.03.18:455][  0]LogInit:  - bDontReuseConnections = false  - Libcurl will reuse connections
[2016.04.07-00.03.18:455][  0]LogInit:  - CertBundlePath = nullptr  - Libcurl will use whatever was configured at build time.
[2016.04.07-00.03.18:461][  0]LogInit: Presizing for 0 objects not considered by GC, pre-allocating 0 bytes.
[2016.04.07-00.03.18:467][  0]LogInit: Object subsystem initialized
[2016.04.07-00.03.18:468][  0]LogInit: Selected Device Profile: [Windows]
[2016.04.07-00.03.18:468][  0]LogInit: Applying CVar settings loaded from the selected device profile: [Windows]
[2016.04.07-00.03.18:519][  0]LogInit: Computer: JUSTIN
[2016.04.07-00.03.18:519][  0]LogInit: User: Justin
[2016.04.07-00.03.18:519][  0]LogInit: CPU Page size=4096, Cores=2
[2016.04.07-00.03.18:519][  0]LogInit: High frequency timer resolution =2.338340 MHz
[2016.04.07-00.03.18:519][  0]LogMemory: Memory total: Physical=7.9GB (8GB approx)
[2016.04.07-00.03.18:519][  0]LogMemory: Platform Memory Stats for Windows
[2016.04.07-00.03.18:519][  0]LogMemory: Process Physical Memory: 55.91 MB used, 55.91 MB peak
[2016.04.07-00.03.18:519][  0]LogMemory: Process Virtual Memory: 55.81 MB used, 55.81 MB peak
[2016.04.07-00.03.18:519][  0]LogMemory: Physical Memory: 5644.96 MB used, 8075.05 MB total
[2016.04.07-00.03.18:519][  0]LogMemory: Virtual Memory: 381.80 MB used, 134217728.00 MB total
[2016.04.07-00.03.18:558][  0]LogTextLocalizationManager: No specific translations for ('en-US') exist, so ('en') translations will be used.
[2016.04.07-00.03.19:114][  0]LogD3D11RHI: Found D3D11 adapter 0: NVIDIA GeForce 840M   (Feature Level 11_0)
[2016.04.07-00.03.19:114][  0]LogD3D11RHI: Adapter has 1995MB of dedicated video memory, 0MB of dedicated system memory, and 4037MB of shared system memory, 1 output[s]
[2016.04.07-00.03.19:120][  0]LogD3D11RHI: Found D3D11 adapter 1: Intel(R) HD Graphics Family (Feature Level 11_0)
[2016.04.07-00.03.19:120][  0]LogD3D11RHI: Adapter has 112MB of dedicated video memory, 0MB of dedicated system memory, and 4037MB of shared system memory, 0 output[s]
[2016.04.07-00.03.19:123][  0]LogD3D11RHI: Found D3D11 adapter 2: Microsoft Basic Render Driver (Feature Level 11_0)
[2016.04.07-00.03.19:123][  0]LogD3D11RHI: Adapter has 0MB of dedicated video memory, 0MB of dedicated system memory, and 4037MB of shared system memory, 0 output[s]
[2016.04.07-00.03.19:123][  0]LogD3D11RHI: Chosen D3D11 Adapter Id = 0
[2016.04.07-00.03.19:131][  0]LogD3D11RHI: !Direct3DDevice
[2016.04.07-00.03.19:131][  0]LogRHI: Texture pool is 1361 MB (70% of 1945 MB)
[2016.04.07-00.03.19:150][  0]LogD3D11RHI: Async texture creation enabled
[2016.04.07-00.03.19:161][  0]LogShaderCompilers: Guid format shader working directory is -29 characters bigger than the processId version (../../../../../../Users/Justin/Documents/GitHub/CapstonePC/CapstonePrototype/Intermediate/Shaders/WorkingDirectory/2408/).
[2016.04.07-00.03.19:161][  0]LogShaderCompilers: Cleaned the shader compiler working directory 'C:/Users/Justin/AppData/Local/Temp/UnrealShaderWorkingDir/38AB99B8403D11A974C5AEA219D6A657/'.
[2016.04.07-00.03.19:161][  0]LogShaderCompilers:Display: Using Local Shader Compiler.
[2016.04.07-00.03.19:995][  0]LogTemp:Display: Loaded TP AllDesktopTargetPlatform
[2016.04.07-00.03.19:999][  0]LogTemp:Display: Loaded TP WindowsClientTargetPlatform
[2016.04.07-00.03.20:004][  0]LogTemp:Display: Loaded TP WindowsNoEditorTargetPlatform
[2016.04.07-00.03.20:008][  0]LogTemp:Display: Loaded TP WindowsServerTargetPlatform
[2016.04.07-00.03.20:012][  0]LogTemp:Display: Loaded TP WindowsTargetPlatform
[2016.04.07-00.03.20:016][  0]LogTemp:Display: Loaded TP AndroidTargetPlatform
[2016.04.07-00.03.20:019][  0]LogTemp:Display: Loaded TP Android_ASTCTargetPlatform
[2016.04.07-00.03.20:022][  0]LogTemp:Display: Loaded TP Android_ATCTargetPlatform
[2016.04.07-00.03.20:025][  0]LogTemp:Display: Loaded TP Android_DXTTargetPlatform
[2016.04.07-00.03.20:028][  0]LogTemp:Display: Loaded TP Android_ETC1TargetPlatform
[2016.04.07-00.03.20:031][  0]LogTemp:Display: Loaded TP Android_ETC2TargetPlatform
[2016.04.07-00.03.20:037][  0]LogTemp:Display: Loaded TP Android_MultiTargetPlatform
[2016.04.07-00.03.20:037][  0]LogTemp:Display: Loaded TP Android_PVRTCTargetPlatform
[2016.04.07-00.03.20:038][  0]LogTemp:Display: Loaded TP HTML5TargetPlatform
[2016.04.07-00.03.20:055][  0]LogTemp:Display: Loaded TP IOSTargetPlatform
[2016.04.07-00.03.20:059][  0]LogTemp:Display: Loaded TP LinuxNoEditorTargetPlatform
[2016.04.07-00.03.20:064][  0]LogTemp:Display: Loaded TP LinuxServerTargetPlatform
[2016.04.07-00.03.20:068][  0]LogTemp:Display: Loaded TP LinuxTargetPlatform
[2016.04.07-00.03.20:068][  0]LogTargetPlatformManager:Display: Building Assets For Windows
[2016.04.07-00.03.20:158][  0]LogDerivedDataCache:Display: Max Cache Size: 512 MB
[2016.04.07-00.03.20:219][  0]LogDerivedDataCache: Loaded boot cache 0.06s 45MB C:/Users/Justin/AppData/Local/UnrealEngine/4.10/DerivedDataCache/Boot.ddc.
[2016.04.07-00.03.20:219][  0]LogDerivedDataCache:Display: Loaded Boot cache: C:/Users/Justin/AppData/Local/UnrealEngine/4.10/DerivedDataCache/Boot.ddc
[2016.04.07-00.03.20:219][  0]LogDerivedDataCache: FDerivedDataBackendGraph:  Pak pak cache file ../../../../../../Users/Justin/Documents/GitHub/CapstonePC/CapstonePrototype/DerivedDataCache/DDC.ddp not found, will not use a pak cache.
[2016.04.07-00.03.20:219][  0]LogDerivedDataCache: Unable to find inner node Pak for hierarchical cache Hierarchy.
[2016.04.07-00.03.20:219][  0]LogDerivedDataCache: FDerivedDataBackendGraph:  CompressedPak pak cache file ../../../../../../Users/Justin/Documents/GitHub/CapstonePC/CapstonePrototype/DerivedDataCache/Compressed.ddp not found, will not use a pak cache.
[2016.04.07-00.03.20:219][  0]LogDerivedDataCache: Unable to find inner node CompressedPak for hierarchical cache Hierarchy.
[2016.04.07-00.03.20:294][  0]LogDerivedDataCache:Display: Pak cache opened for reading ../../../Engine/DerivedDataCache/Compressed.ddp.
[2016.04.07-00.03.20:306][  0]LogDerivedDataCache: Using Local data cache path C:/Users/Justin/AppData/Local/UnrealEngine/Common/DerivedDataCache: Writable
[2016.04.07-00.03.20:485][  0]LogInit: Selected Device Profile: [Windows]
[2016.04.07-00.03.20:488][  0]LogContentStreaming: Texture pool size is 0.000000MB
[2016.04.07-00.03.20:664][  0]LogMeshUtilities: No automatic mesh reduction module available
[2016.04.07-00.03.20:664][  0]LogMeshUtilities: No automatic mesh merging module available
[2016.04.07-00.03.20:948][  0]LogInit: WinSock: version 1.1 (2.2), MaxSocks=32767, MaxUdp=65467
[2016.04.07-00.03.21:697][  0]UdpMessaging: Initializing bridge on interface 0.0.0.0:0 to multicast group 230.0.0.1:6666.
[2016.04.07-00.03.21:794][  0]LogAssetRegistry: FAssetRegistry took 0.0106 seconds to start up
[2016.04.07-00.03.21:957][  0]SourceControl: Info Source control is disabled
[2016.04.07-00.03.21:959][  0]SourceControl: Info Source control is disabled
[2016.04.07-00.03.21:973][  0]SourceControl: Info Source control is disabled
[2016.04.07-00.03.21:985][  0]SourceControl: Info Source control is disabled
[2016.04.07-00.03.22:255][  0]LogObj: 28633 objects as part of root set at end of initial load.
[2016.04.07-00.03.22:255][  0]LogUObjectAllocator: 6099752 out of 0 bytes used by permanent object pool.
[2016.04.07-00.03.22:313][  0]LogEngine: Initializing Engine...
[2016.04.07-00.03.22:316][  0]LogHMD: Can't find Oculus library dev build: is proper Runtime installed? Version: 0.8.0.0
[2016.04.07-00.03.22:317][  0]LogHMD: SteamVR failed to initialize.  Err: 110
[2016.04.07-00.03.22:440][  0]LogAIModule: Creating AISystem for world NewWorld
[2016.04.07-00.03.22:445][  0]LogInit: XAudio2 using 'Speakers (Realtek High Definition Audio)' : 2 channels at 48 kHz using 32 bits per sample (channel mask 0x3)
[2016.04.07-00.03.22:469][  0]LogInit: FAudioDevice initialized.
[2016.04.07-00.03.22:578][  0]LogDerivedDataCache: Saved boot cache 0.11s 45MB C:/Users/Justin/AppData/Local/UnrealEngine/4.10/DerivedDataCache/Boot.ddc.
[2016.04.07-00.03.22:584][  0]LogInit: Texture streaming: Enabled
[2016.04.07-00.03.22:588][  0]LogAnalytics: Creating configured Analytics provider AnalyticsET
[2016.04.07-00.03.22:588][  0]LogAnalytics: [UEEditor.Rocket.Release] APIServer = http://et2.epicgames.com/ET2/. AppVersion = 4.10.4-2872498+++depot+UE4-Releases+4.10
[2016.04.07-00.03.22:588][  0]LogAnalytics: [UEEditor.Rocket.Release] SetUserId 1b36f1dc49baca7e96a0f08769855d1f|dce251d0739e49968a350058de34131a|2beb08bb-f667-4527-9f55-7a1474f977da
[2016.04.07-00.03.22:588][  0]LogAnalytics: [UEEditor.Rocket.Release] AnalyticsET::StartSession
[2016.04.07-00.03.22:601][  0]LogInit: Transaction tracking system initialized
[2016.04.07-00.03.22:622][  0]BlueprintLog: New page: Editor Load
[2016.04.07-00.03.22:733][  0]LocalizationService: Info Localization service is disabled
[2016.04.07-00.03.22:798][  0]LogConsoleResponse:Display: 
[2016.04.07-00.03.22:985][  0]LogFileCache: Scanning file cache for directory 'C:/Users/Justin/Documents/GitHub/CapstonePC/CapstonePrototype/Content/' took 0.02s
[2016.04.07-00.03.22:985][  0]LogCook:Display: Done creating registry. It took  0.00s.
[2016.04.07-00.03.23:055][  0]SourceControl: Info Source control is disabled
[2016.04.07-00.03.23:056][  0]Cmd: MAP LOAD FILE="../../../../../../Users/Justin/Documents/GitHub/CapstonePC/CapstonePrototype/Content/TopDownBP/Maps/TopDownExampleMap.umap" TEMPLATE=0 SHOWPROGRESS=1 FEATURELEVEL=3
[2016.04.07-00.03.23:102][  0]LightingResults: New page: Lighting Build
[2016.04.07-00.03.23:104][  0]MapCheck: New page: Map Check
[2016.04.07-00.03.23:104][  0]LightingResults: New page: Lighting Build
[2016.04.07-00.03.23:123][  0]LogParticles: Destroying 0 GPU particle simulations for FXSystem 0x000001A8EA00BB00
[2016.04.07-00.03.30:955][  0]LogAIModule: Creating AISystem for world TopDownExampleMap
[2016.04.07-00.03.30:974][  0]LogEditorServer: Finished looking for orphan Actors (0.000 secs)
[2016.04.07-00.03.31:039][  0]Cmd: MAP CHECKDEP NOCLEARLOG
[2016.04.07-00.03.31:083][  0]MapCheck: Info Map check complete: 0 Error(s), 0 Warning(s), took 44.308ms to complete.
[2016.04.07-00.03.31:083][  0]LogFileHelpers: Loading map 'TopDownExampleMap' took 8.028
[2016.04.07-00.03.32:049][  0]LogCollectionManager: Loaded 0 collections in 0.001407 seconds
[2016.04.07-00.03.32:312][  0]LogFileCache: Scanning file cache for directory 'C:/Users/Justin/Documents/GitHub/CapstonePC/CapstonePrototype/Saved/Collections/' took 0.01s
[2016.04.07-00.03.32:312][  0]LogFileCache: Scanning file cache for directory 'C:/Users/Justin/Documents/GitHub/CapstonePC/CapstonePrototype/Content/Developers/Justin/Collections/' took 0.01s
[2016.04.07-00.03.32:312][  0]LogFileCache: Scanning file cache for directory 'C:/Users/Justin/Documents/GitHub/CapstonePC/CapstonePrototype/Content/Collections/' took 0.01s
[2016.04.07-00.03.32:312][  0]LogCollectionManager: Rebuilt the GUID cache for 0 collections in 0.000002 seconds
[2016.04.07-00.03.32:321][  0]LogContentBrowser: Native class hierarchy populated in 0.0080 seconds. Added 1893 classes and 338 folders.
[2016.04.07-00.03.32:374][  0]LogContentBrowser: Native class hierarchy updated for 'WidgetCarousel' in 0.0003 seconds. Added 0 classes and 0 folders.
[2016.04.07-00.03.34:735][  0]LogContentBrowser: Native class hierarchy updated for 'AddContentDialog' in 0.0003 seconds. Added 0 classes and 0 folders.
[2016.04.07-00.03.34:801][  0]LogContentBrowser: Native class hierarchy updated for 'SceneOutliner' in 0.0004 seconds. Added 1 classes and 2 folders.
[2016.04.07-00.03.35:200][  0]LogCrashTracker: Crashtracker disabled due to settings.
[2016.04.07-00.03.35:285][  0]LogUObjectGlobals:Warning: Failed to find object 'Class None.'
[2016.04.07-00.03.35:332][  0]LogLoad: Full Startup: 17.92 seconds (BP compile: 0.58 seconds)
[2016.04.07-00.03.35:351][  0]LogWindowsTextInputMethodSystem:Display: IME system now deactivated.
[2016.04.07-00.03.35:351][  0]LogWindowsTextInputMethodSystem:Display: IME system now deactivated.
[2016.04.07-00.03.35:357][  0]LogOcInput: Can't find Oculus library dev build: is proper Runtime installed? Version: 0.8.0.0
[2016.04.07-00.03.35:856][  0]LogContentStreaming: Texture pool size now 1000 MB
[2016.04.07-00.03.36:660][  0]LogRenderer: Reallocating scene render targets to support 764x372 (Frame:2).
[2016.04.07-00.03.36:997][  4]LogAssetRegistry: Asset discovery search completed in 15.2140 seconds
[2016.04.07-00.03.36:997][  4]LogCollectionManager: Rebuilt the object cache for 0 collections in 0.000001 seconds (found 0 objects)
[2016.04.07-00.03.36:997][  4]LogCollectionManager: Fixed up redirectors for 0 collections in 0.000019 seconds (updated 0 objects)
[2016.04.07-00.03.46:016][531]LogBlueprintUserMessages: Early PlayInEditor Detection: Level '/Game/TopDownBP/Maps/TopDownExampleMap.TopDownExampleMap:PersistentLevel' has LevelScriptBlueprint '/Game/TopDownBP/Maps/TopDownExampleMap.TopDownExampleMap:PersistentLevel.TopDownExampleMap' with GeneratedClass '/Game/TopDownBP/Maps/TopDownExampleMap.TopDownExampleMap_C' with ClassGeneratedBy '/Game/TopDownBP/Maps/TopDownExampleMap.TopDownExampleMap:PersistentLevel.TopDownExampleMap'
[2016.04.07-00.03.46:016][531]LogPlayLevel: PlayLevel: No blueprints needed recompiling
[2016.04.07-00.03.46:043][531]PIE: New page: PIE session: TopDownExampleMap (Apr 6, 2016, 4:03:46 PM)
[2016.04.07-00.03.46:043][531]LogPlayLevel: Creating play world package: /Game/TopDownBP/Maps/UEDPIE_0_TopDownExampleMap
[2016.04.07-00.03.46:080][531]LogPlayLevel: PIE: StaticDuplicateObject took: (0.037284s)
[2016.04.07-00.03.46:081][531]LogAIModule: Creating AISystem for world TopDownExampleMap
[2016.04.07-00.03.46:081][531]LogPlayLevel: PIE: World Init took: (0.001120s)
[2016.04.07-00.03.46:081][531]LogPlayLevel: PIE: Created PIE world by copying editor world from /Game/TopDownBP/Maps/TopDownExampleMap.TopDownExampleMap to /Game/TopDownBP/Maps/UEDPIE_0_TopDownExampleMap.TopDownExampleMap (0.038713s)
[2016.04.07-00.03.46:119][531]LogInit: XAudio2 using 'Speakers (Realtek High Definition Audio)' : 2 channels at 48 kHz using 32 bits per sample (channel mask 0x3)
[2016.04.07-00.03.46:128][531]LogInit: FAudioDevice initialized.
[2016.04.07-00.03.46:267][531]LogWorld: Game class is 'TopDownGameMode_C'
[2016.04.07-00.03.46:273][531]LogWorld: Bringing World /Game/TopDownBP/Maps/UEDPIE_0_TopDownExampleMap.TopDownExampleMap up for play (max tick rate 60) at 2016.04.06-20.03.46
[2016.04.07-00.03.46:273][531]LogActor:Warning: GameSession /Game/TopDownBP/Maps/UEDPIE_0_TopDownExampleMap.TopDownExampleMap:PersistentLevel.GameSession_0 has natively added scene component(s), but none of them were set as the actor's RootComponent - picking one arbitrarily
[2016.04.07-00.03.46:273][531]LogActor:Warning: GameNetworkManager /Game/TopDownBP/Maps/UEDPIE_0_TopDownExampleMap.TopDownExampleMap:PersistentLevel.GameNetworkManager_0 has natively added scene component(s), but none of them were set as the actor's RootComponent - picking one arbitrarily
[2016.04.07-00.03.46:273][531]LogWorld: Bringing up level for play took: 0.005788
[2016.04.07-00.03.46:305][531]PIE: Info Play in editor start time for /Game/TopDownBP/Maps/UEDPIE_0_TopDownExampleMap 0.399
[2016.04.07-00.03.46:305][531]LogBlueprintUserMessages: Late PlayInEditor Detection: Level '/Game/TopDownBP/Maps/TopDownExampleMap.TopDownExampleMap:PersistentLevel' has LevelScriptBlueprint '/Game/TopDownBP/Maps/TopDownExampleMap.TopDownExampleMap:PersistentLevel.TopDownExampleMap' with GeneratedClass '/Game/TopDownBP/Maps/TopDownExampleMap.TopDownExampleMap_C' with ClassGeneratedBy '/Game/TopDownBP/Maps/TopDownExampleMap.TopDownExampleMap:PersistentLevel.TopDownExampleMap'
[2016.04.07-00.17.16:839][498]LogBlueprintUserMessages: Early EndPlayMap Detection: Level '/Game/TopDownBP/Maps/TopDownExampleMap.TopDownExampleMap:PersistentLevel' has LevelScriptBlueprint '/Game/TopDownBP/Maps/TopDownExampleMap.TopDownExampleMap:PersistentLevel.TopDownExampleMap' with GeneratedClass '/Game/TopDownBP/Maps/TopDownExampleMap.TopDownExampleMap_C' with ClassGeneratedBy '/Game/TopDownBP/Maps/TopDownExampleMap.TopDownExampleMap:PersistentLevel.TopDownExampleMap'
[2016.04.07-00.17.16:960][498]LogBlueprintUserMessages: Late EndPlayMap Detection: Level '/Game/TopDownBP/Maps/TopDownExampleMap.TopDownExampleMap:PersistentLevel' has LevelScriptBlueprint '/Game/TopDownBP/Maps/TopDownExampleMap.TopDownExampleMap:PersistentLevel.TopDownExampleMap' with GeneratedClass '/Game/TopDownBP/Maps/TopDownExampleMap.TopDownExampleMap_C' with ClassGeneratedBy '/Game/TopDownBP/Maps/TopDownExampleMap.TopDownExampleMap:PersistentLevel.TopDownExampleMap'
[2016.04.07-00.17.17:006][498]LogParticles: Destroying 0 GPU particle simulations for FXSystem 0x000001A8F24D77E0
[2016.04.07-00.17.17:204][499]Cmd: QUIT_EDITOR
[2016.04.07-00.17.18:002][499]LogWindowsTextInputMethodSystem:Display: IME system now deactivated.
[2016.04.07-00.17.18:002][499]LogWindowsTextInputMethodSystem:Display: IME system now deactivated.
[2016.04.07-00.17.18:130][499]LogExit: Preparing to exit.
[2016.04.07-00.17.19:038][499]LogExit: Editor shut down
[2016.04.07-00.17.19:038][499]LogExit: Transaction tracking system shut down
[2016.04.07-00.17.19:041][499]LogParticles: Destroying 0 GPU particle simulations for FXSystem 0x000001A8DBD6E5C0
[2016.04.07-00.17.19:041][499]LogParticles: Destroying 0 GPU particle simulations for FXSystem 0x000001A8F4283B00
[2016.04.07-00.17.19:286][499]LogExit: Object subsystem successfully closed.
[2016.04.07-00.17.19:299][499]LogD3D11RHI: Shutdown
[2016.04.07-00.17.19:299][499]LogD3D11RHI: CleanupD3DDevice
[2016.04.07-00.17.19:412][499]LogD3D11RHI: ~FD3D11DynamicRHI
[2016.04.07-00.17.19:438][499]LogModuleManager: Shutting down and abandoning module CrashTracker (198)
[2016.04.07-00.17.19:438][499]LogModuleManager: Shutting down and abandoning module SceneOutliner (197)
[2016.04.07-00.17.19:438][499]LogModuleManager: Shutting down and abandoning module SuperSearch (196)
[2016.04.07-00.17.19:438][499]LogModuleManager: Shutting down and abandoning module WidgetCarousel (195)
[2016.04.07-00.17.19:438][499]LogModuleManager: Shutting down and abandoning module AddContentDialog (194)
[2016.04.07-00.17.19:440][499]LogModuleManager: Shutting down and abandoning module EditorWidgets (193)
[2016.04.07-00.17.19:440][499]LogModuleManager: Shutting down and abandoning module CollectionManager (192)
[2016.04.07-00.17.19:440][499]LogModuleManager: Shutting down and abandoning module StatsViewer (191)
[2016.04.07-00.17.19:440][499]LogModuleManager: Shutting down and abandoning module FoliageEdit (190)
[2016.04.07-00.17.19:440][499]LogModuleManager: Shutting down and abandoning module LandscapeEditor (189)
[2016.04.07-00.17.19:440][499]LogModuleManager: Shutting down and abandoning module ActorPickerMode (188)
[2016.04.07-00.17.19:440][499]LogModuleManager: Shutting down and abandoning module GeometryMode (187)
[2016.04.07-00.17.19:440][499]LogModuleManager: Shutting down and abandoning module TextureAlignMode (186)
[2016.04.07-00.17.19:440][499]LogModuleManager: Shutting down and abandoning module BspMode (185)
[2016.04.07-00.17.19:440][499]LogModuleManager: Shutting down and abandoning module PlacementMode (184)
[2016.04.07-00.17.19:440][499]LogModuleManager: Shutting down and abandoning module AutomationWorker (183)
[2016.04.07-00.17.19:441][499]LogModuleManager: Shutting down and abandoning module CharacterAI (182)
[2016.04.07-00.17.19:441][499]LogModuleManager: Shutting down and abandoning module SmartSnapping (181)
[2016.04.07-00.17.19:441][499]LogModuleManager: Shutting down and abandoning module ViewportSnapping (180)
[2016.04.07-00.17.19:441][499]LogModuleManager: Shutting down and abandoning module LogVisualizer (179)
[2016.04.07-00.17.19:441][499]LogModuleManager: Shutting down and abandoning module GameProjectGeneration (178)
[2016.04.07-00.17.19:441][499]LogModuleManager: Shutting down and abandoning module IntroTutorials (177)
[2016.04.07-00.17.19:441][499]LogModuleManager: Shutting down and abandoning module EditorLiveStreaming (176)
[2016.04.07-00.17.19:441][499]LogModuleManager: Shutting down and abandoning module IOSPlatformEditor (175)
[2016.04.07-00.17.19:441][499]LogModuleManager: Shutting down and abandoning module HTML5PlatformEditor (174)
[2016.04.07-00.17.19:441][499]LogModuleManager: Shutting down and abandoning module AndroidDeviceDetection (173)
[2016.04.07-00.17.20:031][499]LogModuleManager: Shutting down and abandoning module AndroidPlatformEditor (172)
[2016.04.07-00.17.20:031][499]LogModuleManager: Shutting down and abandoning module IOSRuntimeSettings (171)
[2016.04.07-00.17.20:031][499]LogModuleManager: Shutting down and abandoning module AndroidRuntimeSettings (170)
[2016.04.07-00.17.20:031][499]LogModuleManager: Shutting down and abandoning module MergeActors (169)
[2016.04.07-00.17.20:031][499]LogModuleManager: Shutting down and abandoning module SizeMap (168)
[2016.04.07-00.17.20:031][499]LogModuleManager: Shutting down and abandoning module TreeMap (167)
[2016.04.07-00.17.20:031][499]LogModuleManager: Shutting down and abandoning module ReferenceViewer (166)
[2016.04.07-00.17.20:031][499]LogModuleManager: Shutting down and abandoning module LocalizationService (165)
[2016.04.07-00.17.20:031][499]LogModuleManager: Shutting down and abandoning module LocalizationDashboard (164)
[2016.04.07-00.17.20:031][499]LogModuleManager: Shutting down and abandoning module HardwareTargeting (163)
[2016.04.07-00.17.20:031][499]LogModuleManager: Shutting down and abandoning module DeviceProfileEditor (162)
[2016.04.07-00.17.20:031][499]LogModuleManager: Shutting down and abandoning module UndoHistory (161)
[2016.04.07-00.17.20:031][499]LogModuleManager: Shutting down and abandoning module GameplayTagsEditor (160)
[2016.04.07-00.17.20:031][499]LogModuleManager: Shutting down and abandoning module UserFeedback (159)
[2016.04.07-00.17.20:031][499]LogModuleManager: Shutting down and abandoning module XmlParser (158)
[2016.04.07-00.17.20:031][499]LogModuleManager: Shutting down and abandoning module Blutility (157)
[2016.04.07-00.17.20:031][499]LogModuleManager: Shutting down and abandoning module ProjectTargetPlatformEditor (156)
[2016.04.07-00.17.20:031][499]LogModuleManager: Shutting down and abandoning module ProjectSettingsViewer (155)
[2016.04.07-00.17.20:032][499]LogModuleManager: Shutting down and abandoning module InputBindingEditor (154)
[2016.04.07-00.17.20:032][499]LogModuleManager: Shutting down and abandoning module EditorSettingsViewer (153)
[2016.04.07-00.17.20:032][499]LogModuleManager: Shutting down and abandoning module SettingsEditor (152)
[2016.04.07-00.17.20:032][499]LogModuleManager: Shutting down and abandoning module ProjectLauncher (151)
[2016.04.07-00.17.20:032][499]LogModuleManager: Shutting down and abandoning module SessionFrontend (150)
[2016.04.07-00.17.20:032][499]LogModuleManager: Shutting down and abandoning module ProfilerClient (149)
[2016.04.07-00.17.20:032][499]LogModuleManager: Shutting down and abandoning module TargetDeviceServices (148)
[2016.04.07-00.17.20:032][499]LogModuleManager: Shutting down and abandoning module DeviceManager (147)
[2016.04.07-00.17.20:032][499]LogModuleManager: Shutting down and abandoning module AutomationController (146)
[2016.04.07-00.17.20:032][499]LogModuleManager: Shutting down and abandoning module AutomationWindow (145)
[2016.04.07-00.17.20:032][499]LogModuleManager: Shutting down and abandoning module Layers (144)
[2016.04.07-00.17.20:032][499]LogModuleManager: Shutting down and abandoning module ComponentVisualizers (143)
[2016.04.07-00.17.20:032][499]LogModuleManager: Shutting down and abandoning module DetailCustomizations (142)
[2016.04.07-00.17.20:032][499]LogModuleManager: Shutting down and abandoning module PackagesDialog (141)
[2016.04.07-00.17.20:032][499]LogModuleManager: Shutting down and abandoning module Persona (140)
[2016.04.07-00.17.20:032][499]LogModuleManager: Shutting down and abandoning module Kismet (139)
[2016.04.07-00.17.20:032][499]LogModuleManager: Shutting down and abandoning module GraphEditor (138)
[2016.04.07-00.17.20:033][499]LogModuleManager: Shutting down and abandoning module ClassViewer (137)
[2016.04.07-00.17.20:033][499]LogModuleManager: Shutting down and abandoning module Toolbox (136)
[2016.04.07-00.17.20:033][499]LogModuleManager: Shutting down and abandoning module ModuleUI (135)
[2016.04.07-00.17.20:033][499]LogModuleManager: Shutting down and abandoning module MovieSceneTools (134)
[2016.04.07-00.17.20:033][499]LogModuleManager: Shutting down and abandoning module OutputLog (133)
[2016.04.07-00.17.20:033][499]LogModuleManager: Shutting down and abandoning module GammaUI (132)
[2016.04.07-00.17.20:033][499]LogModuleManager: Shutting down and abandoning module Documentation (131)
[2016.04.07-00.17.20:033][499]LogModuleManager: Shutting down and abandoning module GameLiveStreaming (130)
[2016.04.07-00.17.20:033][499]LogModuleManager: Shutting down and abandoning module StreamingPauseRendering (129)
[2016.04.07-00.17.20:033][499]LogModuleManager: Shutting down and abandoning module AnalyticsET (128)
[2016.04.07-00.17.20:033][499]LogModuleManager: Shutting down and abandoning module Analytics (127)
[2016.04.07-00.17.20:033][499]LogModuleManager: Shutting down and abandoning module AITestSuite (126)
[2016.04.07-00.17.20:033][499]LogModuleManager: Shutting down and abandoning module GameplayDebugger (125)
[2016.04.07-00.17.20:033][499]LogModuleManager: Shutting down and abandoning module AIModule (124)
[2016.04.07-00.17.20:033][499]LogModuleManager: Shutting down and abandoning module ProfilerService (123)
[2016.04.07-00.17.20:064][499]LogModuleManager: Shutting down and abandoning module TaskGraph (122)
[2016.04.07-00.17.20:064][499]LogModuleManager: Shutting down and abandoning module SlateRemote (121)
[2016.04.07-00.17.20:065][499]LogModuleManager: Shutting down and abandoning module SteamVRController (120)
[2016.04.07-00.17.20:065][499]LogModuleManager: Shutting down and abandoning module SteamVR (119)
[2016.04.07-00.17.20:065][499]LogModuleManager: Shutting down and abandoning module ProceduralMeshComponent (118)
[2016.04.07-00.17.20:065][499]LogModuleManager: Shutting down and abandoning module OculusLibrary (117)
[2016.04.07-00.17.20:065][499]LogModuleManager: Shutting down and abandoning module OculusInput (116)
[2016.04.07-00.17.20:065][499]LogModuleManager: Shutting down and abandoning module LeapMotionController (115)
[2016.04.07-00.17.20:125][499]LogModuleManager: Shutting down and abandoning module CustomMeshComponent (114)
[2016.04.07-00.17.20:125][499]LogModuleManager: Shutting down and abandoning module CableComponent (113)
[2016.04.07-00.17.20:125][499]LogModuleManager: Shutting down and abandoning module ArchVisCharacter (112)
[2016.04.07-00.17.20:125][499]LogModuleManager: Shutting down and abandoning module MessagingDebugger (111)
[2016.04.07-00.17.20:126][499]LogModuleManager: Shutting down and abandoning module MediaPlayerEditor (110)
[2016.04.07-00.17.20:126][499]LogModuleManager: Shutting down and abandoning module HTML5Networking (109)
[2016.04.07-00.17.20:126][499]LogModuleManager: Shutting down and abandoning module SpeedTreeImporter (108)
[2016.04.07-00.17.20:126][499]LogModuleManager: Shutting down and abandoning module PluginBrowser (107)
[2016.04.07-00.17.20:126][499]LogModuleManager: Shutting down and abandoning module EpicSurvey (106)
[2016.04.07-00.17.20:126][499]LogModuleManager: Shutting down and abandoning module DesktopPlatform (105)
[2016.04.07-00.17.20:126][499]LogModuleManager: Shutting down and abandoning module VisualStudioSourceCodeAccess (104)
[2016.04.07-00.17.20:126][499]LogModuleManager: Shutting down and abandoning module UObjectPlugin (103)
[2016.04.07-00.17.20:126][499]LogModuleManager: Shutting down and abandoning module SubversionSourceControl (102)
[2016.04.07-00.17.20:126][499]LogModuleManager: Shutting down and abandoning module PerforceSourceControl (101)
[2016.04.07-00.17.20:126][499]LogModuleManager: Shutting down and abandoning module SourceControl (100)
[2016.04.07-00.17.20:126][499]LogModuleManager: Shutting down and abandoning module GitSourceControl (99)
[2016.04.07-00.17.20:126][499]LogModuleManager: Shutting down and abandoning module LightPropagationVolumeEditor (98)
[2016.04.07-00.17.20:126][499]LogModuleManager: Shutting down and abandoning module PaperTiledImporter (97)
[2016.04.07-00.17.20:126][499]LogModuleManager: Shutting down and abandoning module PaperSpriteSheetImporter (96)
[2016.04.07-00.17.20:126][499]LogModuleManager: Shutting down and abandoning module MeshPaint (95)
[2016.04.07-00.17.20:126][499]LogModuleManager: Shutting down and abandoning module SlateReflector (94)
[2016.04.07-00.17.20:126][499]LogModuleManager: Shutting down and abandoning module HotReload (93)
[2016.04.07-00.17.20:126][499]LogModuleManager: Shutting down and abandoning module MainFrame (92)
[2016.04.07-00.17.20:126][499]LogModuleManager: Shutting down and abandoning module LevelEditor (91)
[2016.04.07-00.17.20:128][499]LogModuleManager: Shutting down and abandoning module DirectoryWatcher (90)
[2016.04.07-00.17.20:129][499]LogModuleManager: Shutting down and abandoning module AssetRegistry (89)
[2016.04.07-00.17.20:243][499]LogModuleManager: Shutting down and abandoning module ContentBrowser (88)
[2016.04.07-00.17.20:244][499]LogModuleManager: Shutting down and abandoning module Paper2DEditor (87)
[2016.04.07-00.17.20:245][499]LogModuleManager: Shutting down and abandoning module UdpMessaging (86)
[2016.04.07-00.17.20:346][499]LogModuleManager: Shutting down and abandoning module LightPropagationVolumeRuntime (85)
[2016.04.07-00.17.20:346][499]LogModuleManager: Shutting down and abandoning module Paper2D (84)
[2016.04.07-00.17.20:346][499]LogModuleManager: Shutting down and abandoning module WindowsMoviePlayer (83)
[2016.04.07-00.17.20:351][499]LogModuleManager: Shutting down and abandoning module Media (82)
[2016.04.07-00.17.20:351][499]LogModuleManager: Shutting down and abandoning module WmfMedia (81)
[2016.04.07-00.17.20:351][499]LogModuleManager: Shutting down and abandoning module OnlineBlueprintSupport (80)
[2016.04.07-00.17.20:351][499]LogModuleManager: Shutting down and abandoning module GameplayTasksEditor (79)
[2016.04.07-00.17.20:351][499]LogModuleManager: Shutting down and abandoning module PropertyEditor (78)
[2016.04.07-00.17.20:351][499]LogModuleManager: Shutting down and abandoning module BehaviorTreeEditor (77)
[2016.04.07-00.17.20:351][499]LogModuleManager: Shutting down and abandoning module FunctionalTesting (76)
[2016.04.07-00.17.20:351][499]LogModuleManager: Shutting down and abandoning module CollisionAnalyzer (75)
[2016.04.07-00.17.20:351][499]LogModuleManager: Shutting down and abandoning module WorkspaceMenuStructure (74)
[2016.04.07-00.17.20:351][499]LogModuleManager: Shutting down and abandoning module MessageLog (73)
[2016.04.07-00.17.20:351][499]LogModuleManager: Shutting down and abandoning module Sequencer (72)
[2016.04.07-00.17.20:352][499]LogModuleManager: Shutting down and abandoning module AssetTools (71)
[2016.04.07-00.17.20:352][499]LogModuleManager: Shutting down and abandoning module UMGEditor (70)
[2016.04.07-00.17.20:352][499]LogModuleManager: Shutting down and abandoning module UMG (69)
[2016.04.07-00.17.20:352][499]LogModuleManager: Shutting down and abandoning module Slate (68)
[2016.04.07-00.17.20:352][499]LogModuleManager: Shutting down and abandoning module EditorStyle (67)
[2016.04.07-00.17.20:355][499]LogModuleManager: Shutting down and abandoning module SessionServices (66)
[2016.04.07-00.17.20:355][499]LogModuleManager: Shutting down and abandoning module SourceCodeAccess (65)
[2016.04.07-00.17.20:355][499]LogModuleManager: Shutting down and abandoning module HeadMountedDisplay (64)
[2016.04.07-00.17.20:355][499]LogModuleManager: Shutting down and abandoning module XAudio2 (63)
[2016.04.07-00.17.20:355][499]LogModuleManager: Shutting down and abandoning module Networking (61)
[2016.04.07-00.17.20:355][499]LogModuleManager: Shutting down and abandoning module Core (60)
[2016.04.07-00.17.20:355][499]LogModuleManager: Shutting down and abandoning module KismetCompiler (59)
[2016.04.07-00.17.20:355][499]LogModuleManager: Shutting down and abandoning module PhysXFormats (58)
[2016.04.07-00.17.20:355][499]LogModuleManager: Shutting down and abandoning module MeshUtilities (57)
[2016.04.07-00.17.20:355][499]LogModuleManager: Shutting down and abandoning module DerivedDataCache (56)
[2016.04.07-00.17.20:394][499]LogDerivedDataCache: Shutdown
[2016.04.07-00.17.20:394][499]LogModuleManager: Shutting down and abandoning module ShaderFormatOpenGL (55)
[2016.04.07-00.17.20:394][499]LogModuleManager: Shutting down and abandoning module ShaderFormatD3D (54)
[2016.04.07-00.17.20:394][499]LogModuleManager: Shutting down and abandoning module MetalShaderFormat (53)
[2016.04.07-00.17.20:394][499]LogModuleManager: Shutting down and abandoning module TextureFormatUncompressed (52)
[2016.04.07-00.17.20:395][499]LogModuleManager: Shutting down and abandoning module TextureFormatPVR (51)
[2016.04.07-00.17.20:395][499]LogModuleManager: Shutting down and abandoning module TextureFormatIntelISPCTexComp (50)
[2016.04.07-00.17.20:395][499]LogModuleManager: Shutting down and abandoning module TextureFormatDXT (49)
[2016.04.07-00.17.20:395][499]LogModuleManager: Shutting down and abandoning module ImageWrapper (48)
[2016.04.07-00.17.20:395][499]LogModuleManager: Shutting down and abandoning module TextureFormatASTC (47)
[2016.04.07-00.17.20:395][499]LogModuleManager: Shutting down and abandoning module TextureFormatAndroid (46)
[2016.04.07-00.17.20:395][499]LogModuleManager: Shutting down and abandoning module AudioFormatOpus (45)
[2016.04.07-00.17.20:395][499]LogModuleManager: Shutting down and abandoning module AudioFormatOgg (44)
[2016.04.07-00.17.20:395][499]LogModuleManager: Shutting down and abandoning module AudioFormatADPCM (43)
[2016.04.07-00.17.20:395][499]LogModuleManager: Shutting down and abandoning module LinuxTargetPlatform (42)
[2016.04.07-00.17.20:395][499]LogModuleManager: Shutting down and abandoning module LinuxServerTargetPlatform (41)
[2016.04.07-00.17.20:395][499]LogModuleManager: Shutting down and abandoning module LinuxNoEditorTargetPlatform (40)
[2016.04.07-00.17.20:395][499]LogModuleManager: Shutting down and abandoning module Messaging (39)
[2016.04.07-00.17.20:395][499]LogModuleManager: Shutting down and abandoning module IOSTargetPlatform (38)
[2016.04.07-00.17.20:395][499]LogModuleManager: Shutting down and abandoning module HTML5TargetPlatform (37)
[2016.04.07-00.17.20:395][499]LogModuleManager: Shutting down and abandoning module Android_PVRTCTargetPlatform (36)
[2016.04.07-00.17.20:395][499]LogModuleManager: Shutting down and abandoning module Android_MultiTargetPlatform (35)
[2016.04.07-00.17.20:395][499]LogModuleManager: Shutting down and abandoning module Android_ETC2TargetPlatform (34)
[2016.04.07-00.17.20:395][499]LogModuleManager: Shutting down and abandoning module Android_ETC1TargetPlatform (33)
[2016.04.07-00.17.20:395][499]LogModuleManager: Shutting down and abandoning module Android_DXTTargetPlatform (32)
[2016.04.07-00.17.20:395][499]LogModuleManager: Shutting down and abandoning module Android_ATCTargetPlatform (31)
[2016.04.07-00.17.20:395][499]LogModuleManager: Shutting down and abandoning module Android_ASTCTargetPlatform (30)
[2016.04.07-00.17.20:395][499]LogModuleManager: Shutting down and abandoning module AndroidTargetPlatform (29)
[2016.04.07-00.17.20:395][499]LogModuleManager: Shutting down and abandoning module WindowsTargetPlatform (28)
[2016.04.07-00.17.20:395][499]LogModuleManager: Shutting down and abandoning module WindowsServerTargetPlatform (27)
[2016.04.07-00.17.20:395][499]LogModuleManager: Shutting down and abandoning module WindowsNoEditorTargetPlatform (26)
[2016.04.07-00.17.20:395][499]LogModuleManager: Shutting down and abandoning module WindowsClientTargetPlatform (25)
[2016.04.07-00.17.20:395][499]LogModuleManager: Shutting down and abandoning module AllDesktopTargetPlatform (24)
[2016.04.07-00.17.20:395][499]LogModuleManager: Shutting down and abandoning module TargetPlatform (23)
[2016.04.07-00.17.20:395][499]LogModuleManager: Shutting down and abandoning module InputCore (22)
[2016.04.07-00.17.20:395][499]LogModuleManager: Shutting down and abandoning module Settings (21)
[2016.04.07-00.17.20:395][499]LogModuleManager: Shutting down and abandoning module OnlineSubsystem (19)
[2016.04.07-00.17.20:395][499]LogModuleManager: Shutting down and abandoning module HTTP (18)
[2016.04.07-00.17.22:398][499]LogModuleManager: Shutting down and abandoning module XMPP (17)
[2016.04.07-00.17.22:398][499]LogModuleManager: Shutting down and abandoning module OculusRift (16)
[2016.04.07-00.17.22:399][499]LogModuleManager: Shutting down and abandoning module ExampleDeviceProfileSelector (15)
[2016.04.07-00.17.22:399][499]LogModuleManager: Shutting down and abandoning module TextureCompressor (14)
[2016.04.07-00.17.22:399][499]LogModuleManager: Shutting down and abandoning module ShaderCore (13)
[2016.04.07-00.17.22:399][499]LogModuleManager: Shutting down and abandoning module Landscape (12)
[2016.04.07-00.17.22:399][499]LogModuleManager: Shutting down and abandoning module SlateRHIRenderer (11)
[2016.04.07-00.17.22:400][499]LogModuleManager: Shutting down and abandoning module OpenGLDrv (10)
[2016.04.07-00.17.22:400][499]LogModuleManager: Shutting down and abandoning module D3D11RHI (9)
[2016.04.07-00.17.22:400][499]LogModuleManager: Shutting down and abandoning module AnimGraphRuntime (8)
[2016.04.07-00.17.22:400][499]LogModuleManager: Shutting down and abandoning module Renderer (7)
[2016.04.07-00.17.22:400][499]LogModuleManager: Shutting down and abandoning module Engine (6)
[2016.04.07-00.17.22:400][499]LogModuleManager: Shutting down and abandoning module CoreUObject (5)
[2016.04.07-00.17.22:400][499]LogModuleManager: Shutting down and abandoning module NetworkFile (4)
[2016.04.07-00.17.22:400][499]LogModuleManager: Shutting down and abandoning module StreamingFile (3)
[2016.04.07-00.17.22:400][499]LogModuleManager: Shutting down and abandoning module SandboxFile (2)
[2016.04.07-00.17.22:400][499]LogModuleManager: Shutting down and abandoning module PakFile (1)
[2016.04.07-00.17.22:402][499]LogExit: Exiting.
[2016.04.07-00.17.22:404][499]Log file closed, 04/06/16 20:17:22
